INFO:__main__:{'history_length': 3, 'history': [1.367150783419607, 1.3671508875602831, 1.3671508873804892]}
INFO:__main__:{'history_length': 3, 'history': [1.367150783419607, 1.3671508875602831, 1.3671508873804892]}
INFO:optim.ad_optim_lbfgs_mod:{"id": 0, "loss": 1.3671508873804892, "t_ctm": 0.8207977777346969, "t_check": 0.008304718881845474}
INFO:__main__:Norm(sites): 5.5442503104690655
INFO:optim.ad_optim_lbfgs_mod:{"id": 0, "t_grad": 0.2985808737576008, "grad_mag": [1.6082063245302571, 0.7431069746791428], "grad_mags": [0.5643062987411129, 0.7647687000630595, 0.353167151451263, 0.5970779422205282, 1.096259874716567]}
INFO:__main__:{'history_length': 3, 'history': [1.0601559570389414, 1.060156111726512, 1.0601561114010833]}
INFO:optim.ad_optim_lbfgs_mod:{"id": 1, "loss": 1.0601561114010833, "t_ctm": 0.8285301672294736, "t_check": 0.009111571125686169}
INFO:__main__:Norm(sites): 5.351888484196363
INFO:optim.ad_optim_lbfgs_mod:{"id": 1, "t_grad": 0.0843259897083044, "grad_mag": [1.8102486738532997, 0.8794779636887755], "grad_mags": [0.6248267752514592, 0.8142664019447866, 0.45718208360135576, 0.6074722809399944, 1.2827797781006165]}
INFO:__main__:{'history_length': 2, 'history': [-0.2228554596918916, -0.2228554644282159]}
INFO:optim.ad_optim_lbfgs_mod:{"id": 2, "loss": -0.2228554644282159, "t_ctm": 0.3586842529475689, "t_check": 0.0038863057270646095}
INFO:__main__:Norm(sites): 4.984516543730654
INFO:optim.ad_optim_lbfgs_mod:{"id": 2, "t_grad": 0.057469108141958714, "grad_mag": [1.08689039865464, 0.5767694083009519], "grad_mags": [0.43769607476298267, 0.4785107660463225, 0.33598860005465375, 0.7337832097743449, 0.33083862121743823]}
INFO:__main__:{'history_length': 2, 'history': [-0.5674209002363264, -0.56742090032488]}
INFO:optim.ad_optim_lbfgs_mod:{"id": 3, "loss": -0.56742090032488, "t_ctm": 0.3620051247999072, "t_check": 0.003629450686275959}
INFO:__main__:Norm(sites): 4.95189650151791
INFO:optim.ad_optim_lbfgs_mod:{"id": 3, "t_grad": 0.05835640151053667, "grad_mag": [0.3855379921055686, 0.18663155394616976], "grad_mags": [0.0650057400130181, 0.22718699878673973, 0.05632212203155276, 0.27929143560778363, 0.10781455036512205]}
INFO:__main__:{'history_length': 2, 'history': [-0.6702612436841578, -0.6702612436667164]}
INFO:optim.ad_optim_lbfgs_mod:{"id": 4, "loss": -0.6702612436667164, "t_ctm": 0.4101855792105198, "t_check": 0.0038862256333231926}
INFO:__main__:Norm(sites): 4.910008579849394
INFO:optim.ad_optim_lbfgs_mod:{"id": 4, "t_grad": 0.05936271045356989, "grad_mag": [0.26475629798236716, 0.11371149075517845], "grad_mags": [0.05425871050469352, 0.17948994270018895, 0.041369218134426726, 0.16789614518730603, 0.07095577740655092]}
INFO:__main__:{'history_length': 2, 'history': [-0.8326858970201907, -0.8326858970473232]}
INFO:optim.ad_optim_lbfgs_mod:{"id": 5, "loss": -0.8326858970473232, "t_ctm": 0.3554412992671132, "t_check": 0.0031740712001919746}
INFO:__main__:Norm(sites): 4.289764469489319
INFO:optim.ad_optim_lbfgs_mod:{"id": 5, "t_grad": 0.05457286722958088, "grad_mag": [0.2896443029718432, 0.1069633281521301], "grad_mags": [0.06538318844690329, 0.19208645574583885, 0.10742240715296149, 0.15131294523686123, 0.09103006908035122]}
INFO:__main__:{'history_length': 2, 'history': [-0.7566641388905191, -0.7566641331013815]}
INFO:optim.ad_optim_lbfgs_mod:{"id": 6, "loss": -0.7566641331013815, "t_ctm": 0.3510156376287341, "t_check": 0.0038528721779584885}
INFO:__main__:Norm(sites): 3.243745557477151
INFO:optim.ad_optim_lbfgs_mod:{"id": 6, "t_grad": 0.05839342810213566, "grad_mag": [0.3929150840284136, 0.2472926453349046], "grad_mags": [0.09114348989040044, 0.2967652479053285, 0.11304145335181526, 0.15942775359086991, 0.14074777565709853]}
INFO:__main__:{'history_length': 2, 'history': [-0.9520222513098521, -0.9520222509808415]}
INFO:optim.ad_optim_lbfgs_mod:{"id": 7, "loss": -0.9520222509808415, "t_ctm": 0.36177526134997606, "t_check": 0.004252626560628414}
INFO:__main__:Norm(sites): 3.787001396160326
INFO:optim.ad_optim_lbfgs_mod:{"id": 7, "t_grad": 0.05581558123230934, "grad_mag": [0.18671524644922452, 0.07373517372793685], "grad_mags": [0.05263782202587888, 0.10008797811915233, 0.026125258092987512, 0.13242943316982903, 0.06208184682239423]}
INFO:__main__:{'history_length': 2, 'history': [-0.9937643437807941, -0.9937643449827593]}
INFO:optim.ad_optim_lbfgs_mod:{"id": 8, "loss": -0.9937643449827593, "t_ctm": 0.36174827441573143, "t_check": 0.0065621268004179}
INFO:__main__:Norm(sites): 4.431379643216275
INFO:optim.ad_optim_lbfgs_mod:{"id": 8, "t_grad": 0.056156592443585396, "grad_mag": [0.18016004828453575, 0.0684691794591752], "grad_mags": [0.05107475251473507, 0.10004561336577249, 0.07679838045424622, 0.08869376677835464, 0.07794429032317168]}
INFO:__main__:{'history_length': 2, 'history': [-1.031288319000796, -1.0312883199149845]}
INFO:optim.ad_optim_lbfgs_mod:{"id": 9, "loss": -1.0312883199149845, "t_ctm": 0.3704695589840412, "t_check": 0.004575967788696289}
INFO:__main__:Norm(sites): 3.911710321190758
INFO:optim.ad_optim_lbfgs_mod:{"id": 9, "t_grad": 0.05915668606758118, "grad_mag": [0.12345605035156428, 0.045385054940783515], "grad_mags": [0.039950729982830314, 0.06346917119663666, 0.057612614084739916, 0.06012133204887656, 0.05179972954418333]}
INFO:__main__:{'history_length': 3, 'history': [-1.0508726171920995, -1.0508726531251358, -1.0508726533003945]}
INFO:optim.ad_optim_lbfgs_mod:{"id": 10, "loss": -1.0508726533003945, "t_ctm": 0.8184073828160763, "t_check": 0.00838616956025362}
INFO:__main__:Norm(sites): 3.3666232186415996
INFO:optim.ad_optim_lbfgs_mod:{"id": 10, "t_grad": 0.08178889378905296, "grad_mag": [0.2779625711022733, 0.09917134436552888], "grad_mags": [0.11055948333697135, 0.12127968239813892, 0.14574533657801175, 0.1523853293011014, 0.07660312327191238]}
